<?xml version="1.0" encoding="UTF-8"?>
<testsuite name="ua.parking.app.ParkingPriceValidatorTest" tests="9" skipped="0" failures="0" errors="0" timestamp="2026-06-01T00:21:03.694Z" hostname="niwona" time="0.002">
  <properties/>
  <testcase name="price equal to minimum is valid" classname="ua.parking.app.ParkingPriceValidatorTest" time="0.001"/>
  <testcase name="price equal to maximum is valid" classname="ua.parking.app.ParkingPriceValidatorTest" time="0.0"/>
  <testcase name="non-numeric input returns invalid result" classname="ua.parking.app.ParkingPriceValidatorTest" time="0.0"/>
  <testcase name="valid decimal price string is accepted" classname="ua.parking.app.ParkingPriceValidatorTest" time="0.0"/>
  <testcase name="empty input is valid and represents free parking" classname="ua.parking.app.ParkingPriceValidatorTest" time="0.0"/>
  <testcase name="comma as decimal separator is normalized and accepted" classname="ua.parking.app.ParkingPriceValidatorTest" time="0.001"/>
  <testcase name="price below minimum returns invalid result" classname="ua.parking.app.ParkingPriceValidatorTest" time="0.0"/>
  <testcase name="price above maximum returns invalid result" classname="ua.parking.app.ParkingPriceValidatorTest" time="0.0"/>
  <testcase name="valid integer price string returns correct double" classname="ua.parking.app.ParkingPriceValidatorTest" time="0.0"/>
  <system-out><![CDATA[]]></system-out>
  <system-err><![CDATA[]]></system-err>
</testsuite>
