<?xml version="1.0" encoding="UTF-8"?>
<testsuite name="ua.parking.app.ParkingSearchEngineTest" tests="11" skipped="0" failures="0" errors="0" timestamp="2026-06-01T00:21:03.697Z" hostname="niwona" time="0.001">
  <properties/>
  <testcase name="search by partial name returns all matching lots" classname="ua.parking.app.ParkingSearchEngineTest" time="0.0"/>
  <testcase name="search with empty query returns all lots" classname="ua.parking.app.ParkingSearchEngineTest" time="0.0"/>
  <testcase name="query matching name of one lot and address of another returns both" classname="ua.parking.app.ParkingSearchEngineTest" time="0.0"/>
  <testcase name="search by exact name returns single result" classname="ua.parking.app.ParkingSearchEngineTest" time="0.0"/>
  <testcase name="search by house number returns matching lot" classname="ua.parking.app.ParkingSearchEngineTest" time="0.001"/>
  <testcase name="search with no match returns empty list" classname="ua.parking.app.ParkingSearchEngineTest" time="0.0"/>
  <testcase name="search is case-insensitive for names" classname="ua.parking.app.ParkingSearchEngineTest" time="0.0"/>
  <testcase name="search by shared address token returns multiple results" classname="ua.parking.app.ParkingSearchEngineTest" time="0.0"/>
  <testcase name="search with blank spaces returns all lots" classname="ua.parking.app.ParkingSearchEngineTest" time="0.0"/>
  <testcase name="search by street name in address returns correct lot" classname="ua.parking.app.ParkingSearchEngineTest" time="0.0"/>
  <testcase name="search by partial address is case-insensitive" classname="ua.parking.app.ParkingSearchEngineTest" time="0.0"/>
  <system-out><![CDATA[]]></system-out>
  <system-err><![CDATA[]]></system-err>
</testsuite>
