<?xml version="1.0" encoding="UTF-8"?>
<testsuite name="ua.parking.app.AuthValidatorTest" tests="9" skipped="0" failures="0" errors="0" timestamp="2026-06-01T00:21:03.656Z" hostname="niwona" time="0.007">
  <properties/>
  <testcase name="validateEmail with empty string returns false with empty-field message" classname="ua.parking.app.AuthValidatorTest" time="0.005"/>
  <testcase name="validateEmail without at-sign returns false with error message" classname="ua.parking.app.AuthValidatorTest" time="0.001"/>
  <testcase name="validateEmail with blank spaces returns false" classname="ua.parking.app.AuthValidatorTest" time="0.0"/>
  <testcase name="validatePassword without digits returns false" classname="ua.parking.app.AuthValidatorTest" time="0.0"/>
  <testcase name="validatePassword shorter than 6 chars returns false" classname="ua.parking.app.AuthValidatorTest" time="0.001"/>
  <testcase name="validatePassword with valid password returns true" classname="ua.parking.app.AuthValidatorTest" time="0.0"/>
  <testcase name="validateEmail with valid email returns true" classname="ua.parking.app.AuthValidatorTest" time="0.0"/>
  <testcase name="validatePassword with exactly 5 chars returns false" classname="ua.parking.app.AuthValidatorTest" time="0.0"/>
  <testcase name="validatePassword with exactly 6 chars and digit returns true" classname="ua.parking.app.AuthValidatorTest" time="0.0"/>
  <system-out><![CDATA[]]></system-out>
  <system-err><![CDATA[]]></system-err>
</testsuite>
