<?xml version="1.0" encoding="UTF-8"?>
<testsuite name="ua.parking.app.BookingManagerTest" tests="5" skipped="0" failures="0" errors="0" timestamp="2026-06-01T00:21:03.678Z" hostname="niwona" time="0.001">
  <properties/>
  <testcase name="booking last spot makes parking full on next attempt" classname="ua.parking.app.BookingManagerTest" time="0.001"/>
  <testcase name="bookSpot decrements freeSpots by one and returns SUCCESS" classname="ua.parking.app.BookingManagerTest" time="0.0"/>
  <testcase name="bookSpot returns PARKING_FULL when no spots available" classname="ua.parking.app.BookingManagerTest" time="0.0"/>
  <testcase name="getBookingStatus returns SUCCESS when spots are available" classname="ua.parking.app.BookingManagerTest" time="0.0"/>
  <testcase name="getBookingStatus returns PARKING_FULL when zero free spots" classname="ua.parking.app.BookingManagerTest" time="0.0"/>
  <system-out><![CDATA[]]></system-out>
  <system-err><![CDATA[]]></system-err>
</testsuite>
