<?xml version="1.0" encoding="UTF-8"?>
<testsuite name="ua.parking.app.UserBookingManagerTest" tests="15" skipped="0" failures="0" errors="0" timestamp="2026-06-01T00:21:03.706Z" hostname="niwona" time="0.001">
  <properties/>
  <testcase name="bookSpot returns SUCCESS for first booking by user" classname="ua.parking.app.UserBookingManagerTest" time="0.0"/>
  <testcase name="freeSpot returns FREED and increments freeSpots" classname="ua.parking.app.UserBookingManagerTest" time="0.0"/>
  <testcase name="last spot taken makes parking full for next user" classname="ua.parking.app.UserBookingManagerTest" time="0.0"/>
  <testcase name="user can book again after freeing their spot" classname="ua.parking.app.UserBookingManagerTest" time="0.0"/>
  <testcase name="bookSpot stores booking record with correct userId and parkingId" classname="ua.parking.app.UserBookingManagerTest" time="0.0"/>
  <testcase name="two different users can each book a spot in the same lot" classname="ua.parking.app.UserBookingManagerTest" time="0.001"/>
  <testcase name="freeSpot returns NOT_BOOKED when user has no active booking" classname="ua.parking.app.UserBookingManagerTest" time="0.0"/>
  <testcase name="bookSpot returns PARKING_FULL when no spots available" classname="ua.parking.app.UserBookingManagerTest" time="0.0"/>
  <testcase name="ALREADY_BOOKED result does not change freeSpots" classname="ua.parking.app.UserBookingManagerTest" time="0.0"/>
  <testcase name="only the booking user can free their spot - other user gets NOT_BOOKED" classname="ua.parking.app.UserBookingManagerTest" time="0.0"/>
  <testcase name="user can book a spot in a different parking lot" classname="ua.parking.app.UserBookingManagerTest" time="0.0"/>
  <testcase name="bookSpot returns ALREADY_BOOKED when user already has spot in this lot" classname="ua.parking.app.UserBookingManagerTest" time="0.0"/>
  <testcase name="freeSpot removes booking record so getBooking returns null" classname="ua.parking.app.UserBookingManagerTest" time="0.0"/>
  <testcase name="bookSpot decrements freeSpots by 1" classname="ua.parking.app.UserBookingManagerTest" time="0.0"/>
  <testcase name="freeSpot does not change freeSpots when user has no booking" classname="ua.parking.app.UserBookingManagerTest" time="0.0"/>
  <system-out><![CDATA[]]></system-out>
  <system-err><![CDATA[]]></system-err>
</testsuite>
