<?xml version="1.0" encoding="UTF-8"?>
<testsuite name="ua.parking.app.ParkingModelTest" tests="5" skipped="0" failures="0" errors="0" timestamp="2026-06-01T00:21:03.692Z" hostname="niwona" time="0.001">
  <properties/>
  <testcase name="getFreeSpots returns correct difference between total and occupied" classname="ua.parking.app.ParkingModelTest" time="0.001"/>
  <testcase name="isFull returns false when one spot remains" classname="ua.parking.app.ParkingModelTest" time="0.0"/>
  <testcase name="isFull returns true when all spots are occupied" classname="ua.parking.app.ParkingModelTest" time="0.0"/>
  <testcase name="getFreeSpots equals totalSpots when no spots are occupied" classname="ua.parking.app.ParkingModelTest" time="0.0"/>
  <testcase name="getFreeSpots guards against negative value when occupied exceeds total" classname="ua.parking.app.ParkingModelTest" time="0.0"/>
  <system-out><![CDATA[]]></system-out>
  <system-err><![CDATA[]]></system-err>
</testsuite>
