<?xml version="1.0" encoding="UTF-8"?>
<testsuite name="ua.parking.app.ParkingSearchFilterTest" tests="5" skipped="0" failures="0" errors="0" timestamp="2026-06-01T00:21:03.699Z" hostname="niwona" time="0.0">
  <properties/>
  <testcase name="filter with empty query returns full list" classname="ua.parking.app.ParkingSearchFilterTest" time="0.0"/>
  <testcase name="filter with non-matching query returns empty list" classname="ua.parking.app.ParkingSearchFilterTest" time="0.0"/>
  <testcase name="filter with blank spaces query returns full list" classname="ua.parking.app.ParkingSearchFilterTest" time="0.0"/>
  <testcase name="filter with exact name returns single matching parking" classname="ua.parking.app.ParkingSearchFilterTest" time="0.0"/>
  <testcase name="filter with partial lowercase query returns all matching parkings" classname="ua.parking.app.ParkingSearchFilterTest" time="0.0"/>
  <system-out><![CDATA[]]></system-out>
  <system-err><![CDATA[]]></system-err>
</testsuite>
