<?xml version="1.0" encoding="UTF-8"?>
<testsuite name="ua.parking.app.FavoritesManagerTest" tests="5" skipped="0" failures="0" errors="0" timestamp="2026-06-01T00:21:04.264Z" hostname="niwona" time="0.003">
  <properties/>
  <testcase name="isFavorite returns false for unknown parkingId" classname="ua.parking.app.FavoritesManagerTest" time="0.001"/>
  <testcase name="removeFavorite on non-existent id does not throw" classname="ua.parking.app.FavoritesManagerTest" time="0.001"/>
  <testcase name="removeFavorite removes parkingId and isFavorite returns false" classname="ua.parking.app.FavoritesManagerTest" time="0.0"/>
  <testcase name="addFavorite adds parkingId and isFavorite returns true" classname="ua.parking.app.FavoritesManagerTest" time="0.001"/>
  <testcase name="addFavorite is idempotent — duplicate adds result in single entry" classname="ua.parking.app.FavoritesManagerTest" time="0.0"/>
  <system-out><![CDATA[]]></system-out>
  <system-err><![CDATA[]]></system-err>
</testsuite>
